set ucliGUI::state
set ucliGUI::state
ucliCore::getToolPID
synopsys::env hasTB
trigger_hier_stack_context_switch 0
synUtils::setDVEInitPhase 1
synopsys::dump -type VPD -file /home/v3edu/zhangheng21_place/net7_verilogbase/and_logic_prj/inter.vpd -locking
synopsys::dump -autoflush on -fid VPD0
set ::dve_fid VPD0
synUtils::setDVEInitPhase 0
ucliCore::getToolPID
synUtils::sendTool -active _icl_setToolSocket /tmp/smlnpeTGOXU
synUtils::sendTool -active {_icl_start_rpc -version "O-2018.09-SP2_Full64" -sync_file /tmp/vcs_dve_rpc.v3edu.25174}
synUtils::sendTool -active {_icl_createSharedMemory /tmp/vcs_dve_general.v3edu.25174}
config endofsim noexit
config onfail enable all
config syscaddplainmembers
config syscaddsourcenames
config syscaddstructtypes
synopsys::listing -disable
tcl_source /home/v3edu/EDA/VCS2018/vcs-mx/O-2018.09-SP2/gui/dve/auxx/gui/dve/schematic.tcl
tcl_source /home/v3edu/EDA/VCS2018/vcs-mx/O-2018.09-SP2/gui/dve/auxx/gui/common/schematic/base.tcl
tcl_source /home/v3edu/EDA/VCS2018/vcs-mx/O-2018.09-SP2/gui/dve/auxx/gui/common/schematic/enable.tcl
tcl_source /home/v3edu/EDA/VCS2018/vcs-mx/O-2018.09-SP2/gui/dve/auxx/gui/common/schematic/netlist.tcl
tcl_source /home/v3edu/EDA/VCS2018/vcs-mx/O-2018.09-SP2/gui/dve/auxx/gui/common/schematic/method.tcl
tcl_source /home/v3edu/EDA/VCS2018/vcs-mx/O-2018.09-SP2/gui/dve/auxx/gui/common/strokes/stroke_defaults.tcl
tcl_source /home/v3edu/EDA/VCS2018/vcs-mx/O-2018.09-SP2/gui/dve/auxx/gui/common/dialogs/ObjectListInfo.tcl
tcl_source /home/v3edu/EDA/VCS2018/vcs-mx/O-2018.09-SP2/gui/dve/auxx/gui/common/schematic/DialogPathSchematicFanInOut.tcl
tcl_source /home/v3edu/EDA/VCS2018/vcs-mx/O-2018.09-SP2/gui/dve/auxx/gui/dve/driversloads.tcl
synopsys::dump -add {tb_and_logic.key1 tb_and_logic.key2 } -aggregates  -fid VPD0
synopsys::dump -add {tb_and_logic.and_logic_inst.key1 tb_and_logic.and_logic_inst.key2 tb_and_logic.and_logic_inst.led } -aggregates  -fid VPD0
synopsys::run -relative 10.000000ns
set ucliGUI::state
set ucliGUI::state
set ucliGUI::state
set ucliGUI::state
set ucliGUI::state
synopsys::run -relative 10.000000ns
set ucliGUI::state
set ucliGUI::state
set ucliGUI::state
set ucliGUI::state
set ucliGUI::state
synopsys::run -relative 10.000000ns
set ucliGUI::state
set ucliGUI::state
set ucliGUI::state
set ucliGUI::state
set ucliGUI::state
synopsys::run -relative 10.000000ns
set ucliGUI::state
set ucliGUI::state
set ucliGUI::state
set ucliGUI::state
set ucliGUI::state
synopsys::run -relative 10.000000ns
set ucliGUI::state
set ucliGUI::state
set ucliGUI::state
set ucliGUI::state
set ucliGUI::state
synopsys::run -relative 10.000000ns
set ucliGUI::state
set ucliGUI::state
set ucliGUI::state
set ucliGUI::state
set ucliGUI::state
synopsys::run -relative 10.000000ns
set ucliGUI::state
set ucliGUI::state
set ucliGUI::state
set ucliGUI::state
set ucliGUI::state
synopsys::run -relative 10.000000ns
set ucliGUI::state
set ucliGUI::state
set ucliGUI::state
set ucliGUI::state
set ucliGUI::state
synopsys::run -relative 10.000000ns
set ucliGUI::state
set ucliGUI::state
set ucliGUI::state
set ucliGUI::state
set ucliGUI::state
synopsys::run -relative 10.000000ns
set ucliGUI::state
set ucliGUI::state
set ucliGUI::state
set ucliGUI::state
set ucliGUI::state
ucliCore::getToolPID
synopsys::run -relative 10.000000ns
set ucliGUI::state
set ucliGUI::state
set ucliGUI::state
set ucliGUI::state
set ucliGUI::state
synopsys::run -relative 10.000000ns
set ucliGUI::state
set ucliGUI::state
set ucliGUI::state
set ucliGUI::state
set ucliGUI::state
synopsys::run -relative 10.000000ns
set ucliGUI::state
set ucliGUI::state
set ucliGUI::state
set ucliGUI::state
set ucliGUI::state
synopsys::checkpoint -join 1 -keep
synopsys::watch -raw
ucliCore::getToolPID
synUtils::sendTool -active {_icl_start_rpc -version "O-2018.09-SP2_Full64" -sync_file /tmp/vcs_dve_rpc.v3edu.27822}
set synopsys::env(time) 100000
ucliCore::getToolPID
synUtils::sendTool -active {_icl_start_rpc -version "O-2018.09-SP2_Full64" -sync_file /tmp/vcs_dve_rpc.v3edu.27822}
synopsys::checkpoint -join 1 -keep
synopsys::watch -raw
ucliCore::getToolPID
synUtils::sendTool -active {_icl_start_rpc -version "O-2018.09-SP2_Full64" -sync_file /tmp/vcs_dve_rpc.v3edu.27916}
ucliCore::getToolPID
synUtils::sendTool -active {_icl_start_rpc -version "O-2018.09-SP2_Full64" -sync_file /tmp/vcs_dve_rpc.v3edu.27916}
if [catch {gui_sim_terminate}] {gui_sim_terminate -kill}
synopsys::finish
set ucliGUI::state
set ucliGUI::state
ucli_exit
