# Preference setting overrides
gui_create_pref_key -category {Globals} -key {load_detail_for_funcov} -value_type {bool} -value {false}

# State setting overrides
gui_state_default_create -off -ini
gui_set_state_value -category Globals -key recent_databases -value {{gui_open_db -file tb1.vpd}}
gui_set_state_value -category Layout -key child_console_size_x -value 1359
gui_set_state_value -category Layout -key child_console_size_y -value 409
gui_set_state_value -category Layout -key child_data_size_x -value 144
gui_set_state_value -category Layout -key child_data_size_y -value 156
gui_set_state_value -category Layout -key child_hier_col3 -value {-1}
gui_set_state_value -category Layout -key child_hier_colpd -value 0
gui_set_state_value -category Layout -key child_hier_size_x -value 144
gui_set_state_value -category Layout -key child_hier_size_y -value 156
gui_set_state_value -category Layout -key child_source_docknewline -value false
gui_set_state_value -category Layout -key child_source_pos_x -value {-2}
gui_set_state_value -category Layout -key child_source_pos_y -value {-15}
gui_set_state_value -category Layout -key child_source_size_x -value 1074
gui_set_state_value -category Layout -key child_source_size_y -value 151
gui_set_state_value -category Layout -key child_wave_colname -value 194
gui_set_state_value -category Layout -key child_wave_colvalue -value 194
gui_set_state_value -category Layout -key child_wave_left -value 393
gui_set_state_value -category Layout -key child_wave_right -value 960
gui_set_state_value -category Layout -key main_pos_x -value 1
gui_set_state_value -category Layout -key main_pos_y -value 38
gui_set_state_value -category Layout -key main_size_x -value 1360
gui_set_state_value -category Layout -key main_size_y -value 702
gui_set_state_value -category Layout -key stand_source_child_docknewline -value false
gui_set_state_value -category Layout -key stand_source_child_pos_x -value {-2}
gui_set_state_value -category Layout -key stand_source_child_pos_y -value {-15}
gui_set_state_value -category Layout -key stand_source_child_size_x -value 1493
gui_set_state_value -category Layout -key stand_source_child_size_y -value 356
gui_set_state_value -category Layout -key stand_wave_child_docknewline -value false
gui_set_state_value -category Layout -key stand_wave_child_pos_x -value {-2}
gui_set_state_value -category Layout -key stand_wave_child_pos_y -value {-15}
gui_set_state_value -category Layout -key stand_wave_child_size_x -value 1363
gui_set_state_value -category Layout -key stand_wave_child_size_y -value 558
gui_set_state_value -category Layout -key stand_wave_top_pos_x -value 1
gui_set_state_value -category Layout -key stand_wave_top_pos_y -value 75
gui_set_state_value -category Layout -key stand_wave_top_size_x -value 1359
gui_set_state_value -category Layout -key stand_wave_top_size_y -value 737
gui_create_state_key -category FindDialog -key m_pMatchCase -value_type bool -value false
gui_create_state_key -category FindDialog -key m_pMatchWord -value_type bool -value false
gui_create_state_key -category FindDialog -key m_pUseCombo -value_type string -value {}
gui_create_state_key -category FindDialog -key m_pWrapAround -value_type bool -value true
gui_state_default_create -off

# Begin command logging
gui_sim_run Ucli -exe ./simv -args {-ucligui  } -dir .
gui_list_expand -id  Hier.1   tb_and_logic
gui_list_select -id Hier.1 -current_item_name tb_and_logic.and_logic_inst -current_item_type Scope  -selected  { tb_and_logic.and_logic_inst   }
gui_list_select -id Data.1 -selected  { tb_and_logic.and_logic_inst.key1   }
gui_open_source -active tb_and_logic.and_logic_inst -activate
gui_list_select -id Hier.1 -current_item_name tb_and_logic -current_item_type Scope  -selected  { tb_and_logic   }
gui_list_select -id Hier.1 -current_item_name tb_and_logic.and_logic_inst -current_item_type Scope  -selected  { tb_and_logic.and_logic_inst   }
gui_use_schematics 
gui_sch_show -name tb_and_logic.and_logic_inst
gui_set_pref_value -category {schem_pin_hc} -key {textExtFont} -value {Helvetica,10,-1,5,50,0,0,0,0,0}
gui_zoom -window Schematic.1 -rect { {-24900 -4198} {34965 14263} }
gui_zoom -window Schematic.1 -rect { {-5766 -8229} {34459 4175} }
gui_zoom -window Schematic.1 -rect { {-5766 -8229} {34459 4175} }
gui_zoom -window Schematic.1 -rect { {-5766 -8229} {34459 4175} }
gui_schematic_select -id Schematic.1 -type {pin} -parent {tb_and_logic.and_logic_inst} {tb_and_logic.and_logic_inst.key2}
gui_schematic_select -id Schematic.1 -type {pin} -parent {tb_and_logic.and_logic_inst} {tb_and_logic.and_logic_inst.key2}
gui_use_schematics 
gui_path_show -objects tb_and_logic.and_logic_inst
gui_zoom -window Schematic.2 -rect { {-24900 -4198} {34965 14263} }
gui_zoom -window Schematic.2 -rect { {-27439 -15476} {36627 4280} }
gui_zoom -window Schematic.2 -rect { {-27439 -15476} {36627 4280} }
gui_schematic_select -id Schematic.2 -type {cell} -parent {.} {tb_and_logic.and_logic_inst.led}
gui_schematic_select -id Schematic.2 -type {cell} -parent {.} {tb_and_logic.and_logic_inst.led}
gui_path_show -window Schematic.2 -objects tb_and_logic.and_logic_inst.led
gui_schematic_clear_selection -id Schematic.2
gui_schematic_select -id Schematic.2 -type {net} -parent {tb_and_logic.and_logic_inst} {tb_and_logic.and_logic_inst.led}
gui_zoom -window Schematic.2 -rect { {-13757 -12364} {38388 3716} }
gui_schematic_select -id Schematic.2 -type {cell} -parent {.} {tb_and_logic.and_logic_inst.key1}
gui_schematic_select -id Schematic.2 -type {cell} -parent {.} {tb_and_logic.and_logic_inst.key1}
gui_list_select -id Hier.1 -current_item_name tb_and_logic -current_item_type Scope  -selected  { tb_and_logic   }
gui_list_select -id Data.1 -selected  { tb_and_logic.key1   }
gui_list_select -id Data.1 -selected  { tb_and_logic.key1  tb_and_logic.key2   }
gui_open_window Wave
gui_list_add -id Wave.1 -from Data.1 { tb_and_logic.key1 tb_and_logic.key2 } -insertionbar
gui_wv_zoom_timerange -id  Wave.1 67 71
gui_wv_zoom_timerange -id  Wave.1 67 68
gui_wv_scroll_hslidermove -id  Wave.1 63121
gui_wv_scroll_hslidermove -id  Wave.1 63403
gui_wv_scroll_hslidermove -id  Wave.1 63544
gui_wv_scroll_hslidermove -id  Wave.1 63685
gui_wv_scroll_hslidermove -id  Wave.1 64108
gui_wv_scroll_hslidermove -id  Wave.1 4767488
gui_list_select -id Wave.1 -selected  { tb_and_logic.key2   }
gui_list_select -id Wave.1 -selected  { tb_and_logic.key1   }
gui_list_select -id Hier.1 -current_item_name tb_and_logic.and_logic_inst -current_item_type Scope  -selected  { tb_and_logic.and_logic_inst   }
gui_list_select -id Data.1 -selected  { tb_and_logic.and_logic_inst.key1  tb_and_logic.and_logic_inst.key2   }
gui_list_select -id Data.1 -selected  { tb_and_logic.and_logic_inst.key1  tb_and_logic.and_logic_inst.key2  tb_and_logic.and_logic_inst.led   }
gui_list_add -id Wave.1 -from Data.1 { tb_and_logic.and_logic_inst.key1 tb_and_logic.and_logic_inst.key2 tb_and_logic.and_logic_inst.led } -insertionbar
gui_marker_move -id  Wave.1 C1 5072
gui_set_time_units 1ns
gui_list_set_filter -id Wave.1 -text {*}
gui_sim_continue 10 
gui_wv_scrollleft -id  Wave.1  line
gui_wv_scrollleft -id  Wave.1  line
gui_wv_scrollleft -id  Wave.1  line
gui_wv_scrollleft -id  Wave.1  line
gui_wv_zoom_timerange -id  Wave.1 9.999 10
gui_wv_zoom_timerange -id  Wave.1 9.999 10
gui_wv_zoom_timerange -id  Wave.1 9.999 10
gui_wv_scrollleft -id  Wave.1  line
gui_wv_scrollleft -id  Wave.1  line
gui_wv_scrollleft -id  Wave.1  line
gui_wv_scrollleft -id  Wave.1  line
gui_wv_scrollleft -id  Wave.1  line
gui_wv_scrollleft -id  Wave.1  line
gui_marker_move -id  Wave.1 C1 9.998
gui_marker_move -id  Wave.1 C1 9.998
gui_marker_move -id  Wave.1 C1 9.999
gui_marker_move -id  Wave.1 C1 9.999
gui_marker_move -id  Wave.1 C1 9.998
gui_marker_move -id  Wave.1 C1 9.998
gui_marker_move -id  Wave.1 C1 9.999
gui_list_select -id Wave.1 -selected  { tb_and_logic.and_logic_inst.key1   }
gui_marker_move -id  Wave.1 C1 9.999
gui_sim_continue 10 
gui_wv_scroll_hslidermove -id  Wave.1 18800000
gui_wv_scroll_hslidermove -id  Wave.1 18800000
gui_wv_scroll_hslidermove -id  Wave.1 18800000
gui_zoom -window Wave.1 -full
gui_zoom -window Wave.1 -full
gui_zoom -window Wave.1 -full
gui_zoom -window Wave.1 -full
gui_zoom -window Wave.1 -full
gui_zoom -window Wave.1 -full
gui_zoom -window Wave.1 -full
gui_zoom -window Wave.1 -full
gui_zoom -window Wave.1 -full
gui_zoom -window Wave.1 -full
gui_zoom -window Wave.1 -full
gui_zoom -window Wave.1 -full
gui_zoom -window Wave.1 -factor 0.5
gui_zoom -window Wave.1 -factor 0.5
gui_zoom -window Wave.1 -factor 0.5
gui_zoom -window Wave.1 -factor 0.5
gui_zoom -window Wave.1 -factor 0.5
gui_zoom -window Wave.1 -factor 0.5
gui_zoom -window Wave.1 -factor 0.5
gui_zoom -window Wave.1 -factor 0.5
gui_zoom -window Wave.1 -factor 0.5
gui_zoom -window Wave.1 -factor 0.5
gui_zoom -window Wave.1 -factor 0.5
gui_zoom -window Wave.1 -factor 0.5
gui_zoom -window Wave.1 -factor 0.5
gui_zoom -window Wave.1 -factor 0.5
gui_zoom -window Wave.1 -factor 0.5
gui_zoom -window Wave.1 -factor 0.5
gui_zoom -window Wave.1 -factor 0.5
gui_zoom -window Wave.1 -factor 0.5
gui_zoom -window Wave.1 -factor 0.5
gui_zoom -window Wave.1 -factor 0.5
gui_zoom -window Wave.1 -factor 0.5
gui_zoom -window Wave.1 -factor 0.5
gui_zoom -window Wave.1 -factor 0.5
gui_zoom -window Wave.1 -factor 0.5
gui_zoom -window Wave.1 -factor 0.5
gui_zoom -window Wave.1 -factor 0.5
gui_zoom -window Wave.1 -factor 0.5
gui_zoom -window Wave.1 -factor 0.5
gui_zoom -window Wave.1 -factor 0.5
gui_zoom -window Wave.1 -factor 0.5
gui_zoom -window Wave.1 -factor 0.5
gui_zoom -window Wave.1 -factor 0.5
gui_zoom -window Wave.1 -factor 0.5
gui_zoom -window Wave.1 -factor 0.5
gui_zoom -window Wave.1 -factor 0.5
gui_zoom -window Wave.1 -factor 0.5
gui_zoom -window Wave.1 -factor 0.5
gui_zoom -window Wave.1 -factor 0.5
gui_zoom -window Wave.1 -factor 0.5
gui_zoom -window Wave.1 -factor 0.5
gui_zoom -window Wave.1 -factor 0.5
gui_zoom -window Wave.1 -factor 0.5
gui_zoom -window Wave.1 -factor 0.5
gui_zoom -window Wave.1 -factor 0.5
gui_zoom -window Wave.1 -factor 0.5
gui_zoom -window Wave.1 -factor 0.5
gui_zoom -window Wave.1 -factor 0.5
gui_zoom -window Wave.1 -factor 0.5
gui_zoom -window Wave.1 -factor 0.5
gui_zoom -window Wave.1 -factor 0.5
gui_zoom -window Wave.1 -factor 0.5
gui_zoom -window Wave.1 -factor 0.5
gui_zoom -window Wave.1 -factor 0.5
gui_zoom -window Wave.1 -factor 0.5
gui_zoom -window Wave.1 -factor 0.5
gui_zoom -window Wave.1 -factor 0.5
gui_zoom -window Wave.1 -factor 0.5
gui_zoom -window Wave.1 -factor 0.5
gui_zoom -window Wave.1 -factor 0.5
gui_zoom -window Wave.1 -factor 0.5
gui_zoom -window Wave.1 -factor 0.5
gui_zoom -window Wave.1 -factor 0.5
gui_zoom -window Wave.1 -full
gui_zoom -window Wave.1 -factor 0.5
gui_zoom -window Wave.1 -factor 0.5
gui_zoom -window Wave.1 -factor 0.5
gui_zoom -window Wave.1 -factor 0.5
gui_zoom -window Wave.1 -factor 0.5
gui_zoom -window Wave.1 -factor 0.5
gui_zoom -window Wave.1 -factor 0.5
gui_zoom -window Wave.1 -full
gui_marker_move -id  Wave.1 C1 2.191
gui_zoom -window Wave.1 -factor 0.5
gui_marker_move -id  Wave.1 C1 4.426
gui_get_drivers -id Wave.1 -signal tb_and_logic.and_logic_inst.key2
gui_marker_move -id  Wave.1 C1 8.298
gui_zoom -window Wave.1 -factor 0.5
gui_zoom -window Wave.1 -full
gui_zoom -window Wave.1 -full
gui_marker_move -id  Wave.1 C1 11
gui_zoom -window Wave.1 -full
gui_zoom -window Wave.1 -full
gui_zoom -window Wave.1 -full
gui_marker_move -id  Wave.1 C1 9.83
gui_marker_move -id  Wave.1 C1 7.234
gui_zoom -window Wave.1 -factor 0.5
gui_zoom -window Wave.1 -factor 0.5
gui_zoom -window Wave.1 -full
gui_zoom -window Wave.1 -factor 0.5
gui_zoom -window Wave.1 -factor 0.5
gui_zoom -window Wave.1 -factor 0.5
gui_zoom -window Wave.1 -factor 0.5
gui_zoom -window Wave.1 -factor 0.5
gui_zoom -window Wave.1 -full
gui_marker_move -id  Wave.1 C1 1.17
gui_marker_move -id  Wave.1 C1 8.787
gui_marker_move -id  Wave.1 C1 11.362
gui_zoom -window Wave.1 -factor 2
gui_zoom -window Wave.1 -factor 2
gui_zoom -window Wave.1 -factor 2
gui_zoom -window Wave.1 -factor 2
gui_zoom -window Wave.1 -factor 2
gui_zoom -window Wave.1 -factor 2
gui_zoom -window Wave.1 -factor 2
gui_zoom -window Wave.1 -factor 2
gui_zoom -window Wave.1 -factor 2
gui_zoom -window Wave.1 -factor 2
gui_zoom -window Wave.1 -factor 2
gui_zoom -window Wave.1 -factor 2
gui_zoom -window Wave.1 -factor 2
gui_zoom -window Wave.1 -factor 2
gui_zoom -window Wave.1 -factor 2
gui_zoom -window Wave.1 -factor 2
gui_zoom -window Wave.1 -factor 2
gui_zoom -window Wave.1 -factor 2
gui_zoom -window Wave.1 -factor 2
gui_marker_move -id  Wave.1 C1 11.361
gui_marker_move -id  Wave.1 C1 11.361
gui_marker_move -id  Wave.1 C1 11.361
gui_zoom -window Wave.1 -full
gui_sim_continue 10 
gui_sim_continue 10 
gui_sim_continue 10 
gui_sim_continue 10 
gui_sim_continue 10 
gui_sim_continue 10 
gui_sim_continue 10 
gui_sim_continue 10 
gui_zoom -window Wave.1 -full
gui_marker_move -id  Wave.1 C1 17.766
gui_seek_criteria -id Wave.1 "Rising" 
gui_seek_next -id Wave.1 -number 1 
gui_marker_move -id  Wave.1 C1 42.234
gui_marker_move -id  Wave.1 C1 67.447
synopsys::checkpoint -add tb_and_logic
gui_sim_continue 10 
gui_sim_continue 10 
gui_sim_continue 10 
gui_sim_eval {synopsys::checkpoint -join 1 -keep}
gui_sim_eval {synopsys::checkpoint -join 1 -keep}
gui_zoom -window Wave.1 -full
gui_close_window -window TopLevel.2
